Determining if the include file pthread.h exists failed with the following output:
Change Dir: E:/Dev/Learning Projects/Vulkan_Learning_Projects/test_build/CMakeFiles/CMakeTmp

Run Build Command(s):D:/Visual Studio 2019/MSBuild/Current/Bin/MSBuild.exe cmTC_1d369.vcxproj /p:Configuration=Debug /p:Platform=x64 /p:VisualStudioVersion=16.0 /v:m && Microsoft (R) Build Engine version 16.9.0+5e4b48a27 for .NET Framework
Copyright (C) Microsoft Corporation. All rights reserved.

  Microsoft (R) C/C++ Optimizing Compiler Version 19.28.29914 for x64
  Copyright (C) Microsoft Corporation.  All rights reserved.
  CheckIncludeFile.c
  cl /c /Zi /W1 /WX- /diagnostics:column /Od /Ob0 /D _MBCS /D WIN32 /D _WINDOWS /D "CMAKE_INTDIR=\"Debug\"" /Gm- /RTC1 /MDd /GS /fp:precise /Zc:wchar_t /Zc:forScope /Zc:inline /Fo"cmTC_1d369.dir\Debug\\" /Fd"cmTC_1d369.dir\Debug\vc142.pdb" /Gd /TC /errorReport:queue "E:\Dev\Learning Projects\Vulkan_Learning_Projects\test_build\CMakeFiles\CMakeTmp\CheckIncludeFile.c"
E:\Dev\Learning Projects\Vulkan_Learning_Projects\test_build\CMakeFiles\CMakeTmp\CheckIncludeFile.c(1,10): fatal error C1083: Cannot open include file: 'pthread.h': No such file or directory [E:\Dev\Learning Projects\Vulkan_Learning_Projects\test_build\CMakeFiles\CMakeTmp\cmTC_1d369.vcxproj]



Determining if the function secure_getenv exists failed with the following output:
Change Dir: E:/Dev/Learning Projects/Vulkan_Learning_Projects/test_build/CMakeFiles/CMakeTmp

Run Build Command(s):D:/Visual Studio 2019/MSBuild/Current/Bin/MSBuild.exe cmTC_673ef.vcxproj /p:Configuration=Debug /p:Platform=x64 /p:VisualStudioVersion=16.0 /v:m && Microsoft (R) Build Engine version 16.9.0+5e4b48a27 for .NET Framework
Copyright (C) Microsoft Corporation. All rights reserved.

  Microsoft (R) C/C++ Optimizing Compiler Version 19.28.29914 for x64
  Copyright (C) Microsoft Corporation.  All rights reserved.
  CheckFunctionExists.c
  cl /c /Zi /W1 /WX- /diagnostics:column /Od /Ob0 /D _MBCS /D WIN32 /D _WINDOWS /D CHECK_FUNCTION_EXISTS=secure_getenv /D "CMAKE_INTDIR=\"Debug\"" /Gm- /RTC1 /MD /GS /fp:precise /Zc:wchar_t /Zc:forScope /Zc:inline /Fo"cmTC_673ef.dir\Debug\\" /Fd"cmTC_673ef.dir\Debug\vc142.pdb" /Gd /TC /errorReport:queue "E:\Programming Tools\CMake\share\cmake-3.21\Modules\CheckFunctionExists.c"
CheckFunctionExists.obj : error LNK2019: unresolved external symbol secure_getenv referenced in function main [E:\Dev\Learning Projects\Vulkan_Learning_Projects\test_build\CMakeFiles\CMakeTmp\cmTC_673ef.vcxproj]
E:\Dev\Learning Projects\Vulkan_Learning_Projects\test_build\CMakeFiles\CMakeTmp\Debug\cmTC_673ef.exe : fatal error LNK1120: 1 unresolved externals [E:\Dev\Learning Projects\Vulkan_Learning_Projects\test_build\CMakeFiles\CMakeTmp\cmTC_673ef.vcxproj]



Determining if the function __secure_getenv exists failed with the following output:
Change Dir: E:/Dev/Learning Projects/Vulkan_Learning_Projects/test_build/CMakeFiles/CMakeTmp

Run Build Command(s):D:/Visual Studio 2019/MSBuild/Current/Bin/MSBuild.exe cmTC_d23aa.vcxproj /p:Configuration=Debug /p:Platform=x64 /p:VisualStudioVersion=16.0 /v:m && Microsoft (R) Build Engine version 16.9.0+5e4b48a27 for .NET Framework
Copyright (C) Microsoft Corporation. All rights reserved.

  Microsoft (R) C/C++ Optimizing Compiler Version 19.28.29914 for x64
  Copyright (C) Microsoft Corporation.  All rights reserved.
  CheckFunctionExists.c
  cl /c /Zi /W1 /WX- /diagnostics:column /Od /Ob0 /D _MBCS /D WIN32 /D _WINDOWS /D CHECK_FUNCTION_EXISTS=__secure_getenv /D "CMAKE_INTDIR=\"Debug\"" /Gm- /RTC1 /MD /GS /fp:precise /Zc:wchar_t /Zc:forScope /Zc:inline /Fo"cmTC_d23aa.dir\Debug\\" /Fd"cmTC_d23aa.dir\Debug\vc142.pdb" /Gd /TC /errorReport:queue "E:\Programming Tools\CMake\share\cmake-3.21\Modules\CheckFunctionExists.c"
CheckFunctionExists.obj : error LNK2019: unresolved external symbol __secure_getenv referenced in function main [E:\Dev\Learning Projects\Vulkan_Learning_Projects\test_build\CMakeFiles\CMakeTmp\cmTC_d23aa.vcxproj]
E:\Dev\Learning Projects\Vulkan_Learning_Projects\test_build\CMakeFiles\CMakeTmp\Debug\cmTC_d23aa.exe : fatal error LNK1120: 1 unresolved externals [E:\Dev\Learning Projects\Vulkan_Learning_Projects\test_build\CMakeFiles\CMakeTmp\cmTC_d23aa.vcxproj]



Checking whether the ASM_MASM compiler is GNU using "--version" did not match "(GNU assembler)|(GCC)|(Free Software Foundation)":
Microsoft (R) Macro Assembler (x64) Version 14.28.29914.0
Copyright (C) Microsoft Corporation.  All rights reserved.

MASM : warning A4018:invalid command-line option : --version
MASM : fatal error A1017:missing source filename
Checking whether the ASM_MASM compiler is Clang using "--version" did not match "(clang version)":
Microsoft (R) Macro Assembler (x64) Version 14.28.29914.0
Copyright (C) Microsoft Corporation.  All rights reserved.

MASM : warning A4018:invalid command-line option : --version
MASM : fatal error A1017:missing source filename
Checking whether the ASM_MASM compiler is AppleClang using "--version" did not match "(Apple LLVM version)":
Microsoft (R) Macro Assembler (x64) Version 14.28.29914.0
Copyright (C) Microsoft Corporation.  All rights reserved.

MASM : warning A4018:invalid command-line option : --version
MASM : fatal error A1017:missing source filename
Checking whether the ASM_MASM compiler is ARMClang using "--version" did not match "armclang":
Microsoft (R) Macro Assembler (x64) Version 14.28.29914.0
Copyright (C) Microsoft Corporation.  All rights reserved.

MASM : warning A4018:invalid command-line option : --version
MASM : fatal error A1017:missing source filename
Checking whether the ASM_MASM compiler is HP using "-V" did not match "HP C":
Microsoft (R) Macro Assembler (x64) Version 14.28.29914.0
Copyright (C) Microsoft Corporation.  All rights reserved.

MASM : warning A4018:invalid command-line option : -V
MASM : fatal error A1017:missing source filename
Checking whether the ASM_MASM compiler is Intel using "--version" did not match "(ICC)":
Microsoft (R) Macro Assembler (x64) Version 14.28.29914.0
Copyright (C) Microsoft Corporation.  All rights reserved.

MASM : warning A4018:invalid command-line option : --version
MASM : fatal error A1017:missing source filename
Checking whether the ASM_MASM compiler is IntelLLVM using "--version" did not match "(Intel[^
]+oneAPI)":
Microsoft (R) Macro Assembler (x64) Version 14.28.29914.0
Copyright (C) Microsoft Corporation.  All rights reserved.

MASM : warning A4018:invalid command-line option : --version
MASM : fatal error A1017:missing source filename
Checking whether the ASM_MASM compiler is SunPro using "-V" did not match "Sun C":
Microsoft (R) Macro Assembler (x64) Version 14.28.29914.0
Copyright (C) Microsoft Corporation.  All rights reserved.

MASM : warning A4018:invalid command-line option : -V
MASM : fatal error A1017:missing source filename
Checking whether the ASM_MASM compiler is XL using "-qversion" did not match "XL C":
Microsoft (R) Macro Assembler (x64) Version 14.28.29914.0
Copyright (C) Microsoft Corporation.  All rights reserved.

MASM : warning A4018:invalid command-line option : -qversion
MASM : fatal error A1017:missing source filename
